<?xml version="1.0" encoding="UTF-8"?><testsuite errors="1" failures="0" name="com.Arbusta.capacitaciones.Unidad4_Screenplay.features.search.SearchByKeywordStory" skipped="0" tests="1" time="17.53" timestamp="2020-10-13 01:02:10"><testcase classname="com.Arbusta.capacitaciones.Unidad4_Screenplay.features.search.SearchByKeywordStory" name="Search google"><error message="element click intercepted: Element &lt;input class=&quot;gNO89b&quot; value=&quot;Buscar con Google&quot; aria-label=&quot;Buscar con Google&quot; name=&quot;btnK&quot; type=&quot;submit&quot; data-ved=&quot;0ahUKEwj99InS-LHsAhUqsaQKHbOCA3cQ4dUDCAs&quot;&gt; is not clickable at point (418, 368). Other element would receive the click: &lt;b&gt;...&lt;/b&gt;&#10;  (Session info: chrome=86.0.4240.75)&#10;Build info: version: '3.141.59', revision: 'e82be7d358', time: '2018-11-14T08:17:03'&#10;System info: host: 'DESKTOP-71HS6PI', ip: '192.168.1.43', os.name: 'Windows 10', os.arch: 'amd64', os.version: '10.0', java.version: '1.8.0_211'&#10;Driver info: org.openqa.selenium.chrome.ChromeDriver&#10;Capabilities {acceptInsecureCerts: false, browserName: chrome, browserVersion: 86.0.4240.75, chrome: {chromedriverVersion: 85.0.4183.87 (cd6713ebf92fa..., userDataDir: C:\Users\arbusta\AppData\Lo...}, goog:chromeOptions: {debuggerAddress: localhost:54817}, javascriptEnabled: true, networkConnectionEnabled: false, pageLoadStrategy: normal, platform: WINDOWS, platformName: WINDOWS, proxy: Proxy(), setWindowRect: true, strictFileInteractability: false, timeouts: {implicit: 0, pageLoad: 300000, script: 30000}, unhandledPromptBehavior: dismiss and notify, webauthn:virtualAuthenticators: true}&#10;Session ID: 1a6bcf931b89e05312e8e86412295643" type="org.openqa.selenium.ElementClickInterceptedException">element click intercepted: Element &lt;input class="gNO89b" value="Buscar con Google" aria-label="Buscar con Google" name="btnK" type="submit" data-ved="0ahUKEwj99InS-LHsAhUqsaQKHbOCA3cQ4dUDCAs"&gt; is not clickable at point (418, 368). Other element would receive the click: &lt;b&gt;...&lt;/b&gt;
  (Session info: chrome=86.0.4240.75)
Build info: version: '3.141.59', revision: 'e82be7d358', time: '2018-11-14T08:17:03'
System info: host: 'DESKTOP-71HS6PI', ip: '192.168.1.43', os.name: 'Windows 10', os.arch: 'amd64', os.version: '10.0', java.version: '1.8.0_211'
Driver info: org.openqa.selenium.chrome.ChromeDriver
Capabilities {acceptInsecureCerts: false, browserName: chrome, browserVersion: 86.0.4240.75, chrome: {chromedriverVersion: 85.0.4183.87 (cd6713ebf92fa..., userDataDir: C:\Users\arbusta\AppData\Lo...}, goog:chromeOptions: {debuggerAddress: localhost:54817}, javascriptEnabled: true, networkConnectionEnabled: false, pageLoadStrategy: normal, platform: WINDOWS, platformName: WINDOWS, proxy: Proxy(), setWindowRect: true, strictFileInteractability: false, timeouts: {implicit: 0, pageLoad: 300000, script: 30000}, unhandledPromptBehavior: dismiss and notify, webauthn:virtualAuthenticators: true}
Session ID: 1a6bcf931b89e05312e8e86412295643</error><system-err>element click intercepted: Element &lt;input class="gNO89b" value="Buscar con Google" aria-label="Buscar con Google" name="btnK" type="submit" data-ved="0ahUKEwj99InS-LHsAhUqsaQKHbOCA3cQ4dUDCAs"&gt; is not clickable at point (418, 368). Other element would receive the click: &lt;b&gt;...&lt;/b&gt;
  (Session info: chrome=86.0.4240.75)
Build info: version: '3.141.59', revision: 'e82be7d358', time: '2018-11-14T08:17:03'
System info: host: 'DESKTOP-71HS6PI', ip: '192.168.1.43', os.name: 'Windows 10', os.arch: 'amd64', os.version: '10.0', java.version: '1.8.0_211'
Driver info: org.openqa.selenium.chrome.ChromeDriver
Capabilities {acceptInsecureCerts: false, browserName: chrome, browserVersion: 86.0.4240.75, chrome: {chromedriverVersion: 85.0.4183.87 (cd6713ebf92fa..., userDataDir: C:\Users\arbusta\AppData\Lo...}, goog:chromeOptions: {debuggerAddress: localhost:54817}, javascriptEnabled: true, networkConnectionEnabled: false, pageLoadStrategy: normal, platform: WINDOWS, platformName: WINDOWS, proxy: Proxy(), setWindowRect: true, strictFileInteractability: false, timeouts: {implicit: 0, pageLoad: 300000, script: 30000}, unhandledPromptBehavior: dismiss and notify, webauthn:virtualAuthenticators: true}
Session ID: 1a6bcf931b89e05312e8e86412295643&#13;
com.Arbusta.capacitaciones.Unidad4_Screenplay.features.search.SearchByKeywordStory.searchGoogle(SearchByKeywordStory.java:59)&#13;
org.eclipse.jdt.internal.junit4.runner.JUnit4TestReference.run(JUnit4TestReference.java:89)&#13;
org.eclipse.jdt.internal.junit.runner.TestExecution.run(TestExecution.java:41)&#13;
org.eclipse.jdt.internal.junit.runner.RemoteTestRunner.runTests(RemoteTestRunner.java:541)&#13;
org.eclipse.jdt.internal.junit.runner.RemoteTestRunner.runTests(RemoteTestRunner.java:763)&#13;
org.eclipse.jdt.internal.junit.runner.RemoteTestRunner.run(RemoteTestRunner.java:463)&#13;
org.eclipse.jdt.internal.junit.runner.RemoteTestRunner.main(RemoteTestRunner.java:209)&#13;
</system-err></testcase></testsuite>