<?xml version="1.0" encoding="UTF-8"?><testsuite errors="0" failures="1" name="com.Arbusta.capacitaciones.Unidad4_Screenplay.features.search.SearchByKeywordStory" skipped="0" tests="1" time="23.29" timestamp="2020-10-14 06:11:46"><testcase classname="com.Arbusta.capacitaciones.Unidad4_Screenplay.features.search.SearchByKeywordStory" name="Buscar remera azul"><failure message="Expected enabled element was not enabled" type="net.thucydides.core.webdriver.exceptions.ElementShouldBeEnabledException">Expected enabled element was not enabled</failure><system-err>Expected enabled element was not enabled&#13;
com.Arbusta.capacitaciones.Unidad4_Screenplay.features.search.SearchByKeywordStory.Buscar_remera_azul(SearchByKeywordStory.java:71)&#13;
org.eclipse.jdt.internal.junit4.runner.JUnit4TestReference.run(JUnit4TestReference.java:89)&#13;
org.eclipse.jdt.internal.junit.runner.TestExecution.run(TestExecution.java:41)&#13;
org.eclipse.jdt.internal.junit.runner.RemoteTestRunner.runTests(RemoteTestRunner.java:541)&#13;
org.eclipse.jdt.internal.junit.runner.RemoteTestRunner.runTests(RemoteTestRunner.java:763)&#13;
org.eclipse.jdt.internal.junit.runner.RemoteTestRunner.run(RemoteTestRunner.java:463)&#13;
org.eclipse.jdt.internal.junit.runner.RemoteTestRunner.main(RemoteTestRunner.java:209)&#13;
</system-err></testcase></testsuite>