<?xml version="1.0" encoding="UTF-8"?><testsuite errors="0" failures="0" name="com.Arbusta.capacitaciones.Unidad4_Screenplay.features.search.SearchByKeywordStory" skipped="0" tests="2" time="42.4" timestamp="2020-10-19 02:58:41"><testcase classname="com.Arbusta.capacitaciones.Unidad4_Screenplay.features.search.SearchByKeywordStory" name="Buscar producto"/><testcase classname="com.Arbusta.capacitaciones.Unidad4_Screenplay.features.search.SearchByKeywordStory" name="Seleccionar remera azul"/></testsuite>